Build started 1/24/2015 11:35:29 AM.
     1>Project "C:\Users\Roger\Desktop\GGJ(2015)\CodeMonkey\GGJ2015\GGJ2015\GGJ2015.vcxproj" on node 2 (Build target(s)).
     1>ClCompile:
         C:\Program Files (x86)\Microsoft Visual Studio 12.0\VC\bin\CL.exe /c /ZI /nologo /W3 /WX- /sdl /Od /Oy- /D _MBCS /Gm /EHsc /RTC1 /MDd /GS /fp:precise /Zc:wchar_t /Zc:forScope /Fo"Debug\\" /Fd"Debug\vc120.pdb" /Gd /TP /analyze- /errorReport:prompt GameController.cpp GameObject.cpp Player.cpp PlayerController.cpp
         PlayerController.cpp
         Player.cpp
         GameObject.cpp
         GameController.cpp
         Generating Code...
       Link:
         C:\Program Files (x86)\Microsoft Visual Studio 12.0\VC\bin\link.exe /ERRORREPORT:PROMPT /OUT:"C:\Users\Roger\Desktop\GGJ(2015)\CodeMonkey\GGJ2015\Debug\GGJ2015.exe" /INCREMENTAL /NOLOGO SDL2.lib SDL2main.lib SDL2_image.lib kernel32.lib user32.lib gdi32.lib winspool.lib comdlg32.lib advapi32.lib shell32.lib ole32.lib oleaut32.lib uuid.lib odbc32.lib odbccp32.lib /MANIFEST /MANIFESTUAC:"level='asInvoker' uiAccess='false'" /manifest:embed /DEBUG /PDB:"C:\Users\Roger\Desktop\GGJ(2015)\CodeMonkey\GGJ2015\Debug\GGJ2015.pdb" /SUBSYSTEM:CONSOLE /TLBID:1 /DYNAMICBASE /NXCOMPAT /IMPLIB:"C:\Users\Roger\Desktop\GGJ(2015)\CodeMonkey\GGJ2015\Debug\GGJ2015.lib" /MACHINE:X86 Debug\Background.obj
         Debug\Cell.obj
         Debug\Component.obj
         Debug\GameController.obj
         Debug\GameObject.obj
         Debug\Grid.obj
         Debug\main.obj
         Debug\NonTickable.obj
         Debug\Player.obj
         Debug\PlayerCommands.obj
         Debug\PlayerController.obj
         Debug\Tickable.obj
         Debug\Visibility.obj
         Debug\Visible.obj
         Debug\Wall.obj
         Debug\XmlParser.obj
         GGJ2015.vcxproj -> C:\Users\Roger\Desktop\GGJ(2015)\CodeMonkey\GGJ2015\Debug\GGJ2015.exe
     1>Done Building Project "C:\Users\Roger\Desktop\GGJ(2015)\CodeMonkey\GGJ2015\GGJ2015\GGJ2015.vcxproj" (Build target(s)).

Build succeeded.

Time Elapsed 00:00:05.29
